#
# A fatal error has been detected by the Java Runtime Environment:
#
#  EXCEPTION_ACCESS_VIOLATION (0xc0000005) at pc=0x000000000244bfb6, pid=8036, tid=9116
#
# JRE version: 6.0_21-b07
# Java VM: Java HotSpot(TM) 64-Bit Server VM (17.0-b17 mixed mode windows-amd64 )
# Problematic frame:
# j  scala.swing.Component$SuperMixin$class.paintBorder(Lscala/swing/Component$SuperMixin;Ljava/awt/Graphics;)V+10
#
# If you would like to submit a bug report, please visit:
#   http://java.sun.com/webapps/bugreport/crash.jsp
#

---------------  T H R E A D  ---------------

Current thread (0x000000000617d800):  JavaThread "AWT-EventQueue-0" [_thread_in_Java, id=9116, stack(0x0000000007d20000,0x0000000007e20000)]

siginfo: ExceptionCode=0xc0000005, reading address 0xffffffffffffffff

Registers:
EAX=0x000000008152c1b0, EBX=0x23000000808de008, ECX=0x00000000d9b15d70, EDX=0x0000000080800002
ESP=0x0000000007e1cf88, EBP=0x0000000007e1cfe0, ESI=0x0000000000000005, EDI=0x0000000002435e63
EIP=0x000000000244bfb6, EFLAGS=0x0000000000010246

Top of Stack: (sp=0x0000000007e1cf88)
0x0000000007e1cf88:   0000000002435ae2 00000000d9e1ad78
0x0000000007e1cf98:   00000000d9b15d70 0000000007e1cfa0
0x0000000007e1cfa8:   0000000080c84bc2 0000000007e1cff8
0x0000000007e1cfb8:   0000000080c85500 0000000000000000
0x0000000007e1cfc8:   0000000080c84be8 0000000000000000
0x0000000007e1cfd8:   0000000007e1cff0 0000000007e1d040
0x0000000007e1cfe8:   0000000002435ae2 00000000d9e1ad78
0x0000000007e1cff8:   00000000d9b16028 0000000007e1d000
0x0000000007e1d008:   000000008124345a 0000000007e1d058
0x0000000007e1d018:   0000000081244f40 0000000000000000
0x0000000007e1d028:   0000000081243480 0000000007e1cff0
0x0000000007e1d038:   0000000007e1d050 0000000007e1d0a0
0x0000000007e1d048:   0000000002435ae2 00000000d9e1ad78
0x0000000007e1d058:   00000000d9b16028 0000000007e1d060
0x0000000007e1d068:   0000000080a8b510 0000000007e1d130
0x0000000007e1d078:   0000000080a96e48 0000000000000000 

Instructions: (pc=0x000000000244bfb6)
0x000000000244bfa6:   49 83 c6 30 4c 89 75 e0 48 8b 9c d8 20 02 00 00
0x000000000244bfb6:   48 8b 53 50 4c 8d 6c 24 08 4c 89 6d f0 ff 63 70 


Stack: [0x0000000007d20000,0x0000000007e20000],  sp=0x0000000007e1cf88,  free space=3f30000000000000000k
Native frames: (J=compiled Java code, j=interpreted, Vv=VM code, C=native code)
j  scala.swing.Component$SuperMixin$class.paintBorder(Lscala/swing/Component$SuperMixin;Ljava/awt/Graphics;)V+10
j  scala.swing.Label$$anon$1.paintBorder(Ljava/awt/Graphics;)V+2
j  javax.swing.JComponent.paint(Ljava/awt/Graphics;)V+296
j  scala.swing.Label$$anon$1.scala$swing$Component$SuperMixin$$super$paint(Ljava/awt/Graphics;)V+2
j  scala.swing.Component$SuperMixin$class.__super__paint(Lscala/swing/Component$SuperMixin;Ljava/awt/Graphics;)V+2
j  scala.swing.Label$$anon$1.__super__paint(Ljava/awt/Graphics;)V+2
j  scala.swing.Component.paint(Ljava/awt/Graphics2D;)V+30
j  scala.swing.Component$SuperMixin$class.paint(Lscala/swing/Component$SuperMixin;Ljava/awt/Graphics;)V+10
j  scala.swing.Label$$anon$1.paint(Ljava/awt/Graphics;)V+2
j  javax.swing.JComponent.paintChildren(Ljava/awt/Graphics;)V+512
j  scala.swing.GridPanel$$anon$1.scala$swing$Component$SuperMixin$$super$paintChildren(Ljava/awt/Graphics;)V+2
j  scala.swing.Component$SuperMixin$class.__super__paintChildren(Lscala/swing/Component$SuperMixin;Ljava/awt/Graphics;)V+2
j  scala.swing.GridPanel$$anon$1.__super__paintChildren(Ljava/awt/Graphics;)V+2
j  scala.swing.Component.paintChildren(Ljava/awt/Graphics2D;)V+30
j  scala.swing.Component$SuperMixin$class.paintChildren(Lscala/swing/Component$SuperMixin;Ljava/awt/Graphics;)V+10
j  scala.swing.GridPanel$$anon$1.paintChildren(Ljava/awt/Graphics;)V+2
j  javax.swing.JComponent.paint(Ljava/awt/Graphics;)V+322
j  scala.swing.GridPanel$$anon$1.scala$swing$Component$SuperMixin$$super$paint(Ljava/awt/Graphics;)V+2
j  scala.swing.Component$SuperMixin$class.__super__paint(Lscala/swing/Component$SuperMixin;Ljava/awt/Graphics;)V+2
j  scala.swing.GridPanel$$anon$1.__super__paint(Ljava/awt/Graphics;)V+2
j  scala.swing.Component.paint(Ljava/awt/Graphics2D;)V+30
j  scala.swing.Component$SuperMixin$class.paint(Lscala/swing/Component$SuperMixin;Ljava/awt/Graphics;)V+10
j  scala.swing.GridPanel$$anon$1.paint(Ljava/awt/Graphics;)V+2
j  javax.swing.JComponent.paintChildren(Ljava/awt/Graphics;)V+512
j  scala.swing.FlowPanel$$anon$1.scala$swing$Component$SuperMixin$$super$paintChildren(Ljava/awt/Graphics;)V+2
j  scala.swing.Component$SuperMixin$class.__super__paintChildren(Lscala/swing/Component$SuperMixin;Ljava/awt/Graphics;)V+2
j  scala.swing.FlowPanel$$anon$1.__super__paintChildren(Ljava/awt/Graphics;)V+2
j  scala.swing.Component.paintChildren(Ljava/awt/Graphics2D;)V+30
j  scala.swing.Component$SuperMixin$class.paintChildren(Lscala/swing/Component$SuperMixin;Ljava/awt/Graphics;)V+10
j  scala.swing.FlowPanel$$anon$1.paintChildren(Ljava/awt/Graphics;)V+2
j  javax.swing.JComponent.paint(Ljava/awt/Graphics;)V+322
j  scala.swing.FlowPanel$$anon$1.scala$swing$Component$SuperMixin$$super$paint(Ljava/awt/Graphics;)V+2
j  scala.swing.Component$SuperMixin$class.__super__paint(Lscala/swing/Component$SuperMixin;Ljava/awt/Graphics;)V+2
j  scala.swing.FlowPanel$$anon$1.__super__paint(Ljava/awt/Graphics;)V+2
j  scala.swing.Component.paint(Ljava/awt/Graphics2D;)V+30
j  scala.swing.Component$SuperMixin$class.paint(Lscala/swing/Component$SuperMixin;Ljava/awt/Graphics;)V+10
j  scala.swing.FlowPanel$$anon$1.paint(Ljava/awt/Graphics;)V+2
j  javax.swing.JComponent.paintChildren(Ljava/awt/Graphics;)V+512
j  scala.swing.BoxPanel$$anon$1.scala$swing$Component$SuperMixin$$super$paintChildren(Ljava/awt/Graphics;)V+2
j  scala.swing.Component$SuperMixin$class.__super__paintChildren(Lscala/swing/Component$SuperMixin;Ljava/awt/Graphics;)V+2
j  scala.swing.BoxPanel$$anon$1.__super__paintChildren(Ljava/awt/Graphics;)V+2
j  scala.swing.Component.paintChildren(Ljava/awt/Graphics2D;)V+30
j  scala.swing.Component$SuperMixin$class.paintChildren(Lscala/swing/Component$SuperMixin;Ljava/awt/Graphics;)V+10
j  scala.swing.BoxPanel$$anon$1.paintChildren(Ljava/awt/Graphics;)V+2
j  javax.swing.JComponent.paint(Ljava/awt/Graphics;)V+322
j  scala.swing.BoxPanel$$anon$1.scala$swing$Component$SuperMixin$$super$paint(Ljava/awt/Graphics;)V+2
j  scala.swing.Component$SuperMixin$class.__super__paint(Lscala/swing/Component$SuperMixin;Ljava/awt/Graphics;)V+2
j  scala.swing.BoxPanel$$anon$1.__super__paint(Ljava/awt/Graphics;)V+2
j  scala.swing.Component.paint(Ljava/awt/Graphics2D;)V+30
j  scala.swing.Component$SuperMixin$class.paint(Lscala/swing/Component$SuperMixin;Ljava/awt/Graphics;)V+10
j  scala.swing.BoxPanel$$anon$1.paint(Ljava/awt/Graphics;)V+2
j  javax.swing.JComponent.paintChildren(Ljava/awt/Graphics;)V+512
j  javax.swing.JComponent.paint(Ljava/awt/Graphics;)V+322
j  javax.swing.JComponent.paintChildren(Ljava/awt/Graphics;)V+512
j  javax.swing.JComponent.paint(Ljava/awt/Graphics;)V+322
j  javax.swing.JLayeredPane.paint(Ljava/awt/Graphics;)V+73
j  javax.swing.JComponent.paintChildren(Ljava/awt/Graphics;)V+512
j  javax.swing.JComponent.paintToOffscreen(Ljava/awt/Graphics;IIIIII)V+72
j  javax.swing.RepaintManager$PaintManager.paintDoubleBuffered(Ljavax/swing/JComponent;Ljava/awt/Image;Ljava/awt/Graphics;IIII)V+105
j  javax.swing.RepaintManager$PaintManager.paint(Ljavax/swing/JComponent;Ljavax/swing/JComponent;Ljava/awt/Graphics;IIII)Z+116
j  javax.swing.RepaintManager.paint(Ljavax/swing/JComponent;Ljavax/swing/JComponent;Ljava/awt/Graphics;IIII)V+52
j  javax.swing.JComponent.paint(Ljava/awt/Graphics;)V+225
j  java.awt.GraphicsCallback$PaintCallback.run(Ljava/awt/Component;Ljava/awt/Graphics;)V+2
j  sun.awt.SunGraphicsCallback.runOneComponent(Ljava/awt/Component;Ljava/awt/Rectangle;Ljava/awt/Graphics;Ljava/awt/Shape;I)V+155
j  sun.awt.SunGraphicsCallback.runComponents([Ljava/awt/Component;Ljava/awt/Graphics;I)V+104
j  java.awt.Container.paint(Ljava/awt/Graphics;)V+73
j  java.awt.Window.paint(Ljava/awt/Graphics;)V+72
j  javax.swing.RepaintManager.paintDirtyRegions(Ljava/util/Map;)V+250
j  javax.swing.RepaintManager.paintDirtyRegions()V+46
j  javax.swing.RepaintManager.seqPaintDirtyRegions()V+73
j  javax.swing.SystemEventQueueUtilities$ComponentWorkRequest.run()V+36
j  java.awt.event.InvocationEvent.dispatch()V+47
j  java.awt.EventQueue.dispatchEvent(Ljava/awt/AWTEvent;)V+26
j  java.awt.EventDispatchThread.pumpOneEventForFilters(I)Z+204
j  java.awt.EventDispatchThread.pumpEventsForFilter(ILjava/awt/Conditional;Ljava/awt/EventFilter;)V+30
j  java.awt.EventDispatchThread.pumpEventsForHierarchy(ILjava/awt/Conditional;Ljava/awt/Component;)V+11
j  java.awt.EventDispatchThread.pumpEvents(ILjava/awt/Conditional;)V+4
j  java.awt.EventDispatchThread.pumpEvents(Ljava/awt/Conditional;)V+3
j  java.awt.EventDispatchThread.run()V+9
v  ~StubRoutines::call_stub


---------------  P R O C E S S  ---------------

Java Threads: ( => current thread )
  0x0000000007268000 JavaThread "TimerQueue" daemon [_thread_blocked, id=7112, stack(0x000000000ed20000,0x000000000ee20000)]
  0x0000000007267800 JavaThread "D3D Screen Updater" daemon [_thread_blocked, id=4948, stack(0x000000000be70000,0x000000000bf70000)]
  0x0000000007266800 JavaThread "Timer-0" daemon [_thread_blocked, id=12116, stack(0x000000000baf0000,0x000000000bbf0000)]
  0x0000000007266000 JavaThread "ForkJoinScheduler" [_thread_blocked, id=4532, stack(0x000000000b9f0000,0x000000000baf0000)]
  0x0000000007265000 JavaThread "ForkJoinPool-1-worker-7" daemon [_thread_blocked, id=4272, stack(0x000000000b8f0000,0x000000000b9f0000)]
  0x0000000007264800 JavaThread "ForkJoinPool-1-worker-6" daemon [_thread_blocked, id=6828, stack(0x000000000b7f0000,0x000000000b8f0000)]
  0x0000000007177000 JavaThread "ForkJoinPool-1-worker-5" daemon [_thread_blocked, id=4988, stack(0x000000000b6f0000,0x000000000b7f0000)]
  0x0000000007176000 JavaThread "ForkJoinPool-1-worker-4" daemon [_thread_blocked, id=7096, stack(0x000000000b5f0000,0x000000000b6f0000)]
  0x00000000061a9800 JavaThread "ForkJoinPool-1-worker-3" daemon [_thread_blocked, id=10976, stack(0x000000000b4f0000,0x000000000b5f0000)]
  0x00000000061a8000 JavaThread "ForkJoinPool-1-worker-2" daemon [_thread_blocked, id=7288, stack(0x000000000b3f0000,0x000000000b4f0000)]
  0x00000000061a7800 JavaThread "ForkJoinPool-1-worker-1" daemon [_thread_blocked, id=11508, stack(0x000000000b2f0000,0x000000000b3f0000)]
  0x000000000616c800 JavaThread "ForkJoinPool-1-worker-0" daemon [_thread_blocked, id=8396, stack(0x000000000b1f0000,0x000000000b2f0000)]
  0x000000000060b800 JavaThread "DestroyJavaVM" [_thread_blocked, id=5576, stack(0x0000000002330000,0x0000000002430000)]
=>0x000000000617d800 JavaThread "AWT-EventQueue-0" [_thread_in_Java, id=9116, stack(0x0000000007d20000,0x0000000007e20000)]
  0x0000000006084800 JavaThread "AWT-Windows" daemon [_thread_in_native, id=5672, stack(0x0000000007990000,0x0000000007a90000)]
  0x0000000006083800 JavaThread "AWT-Shutdown" [_thread_blocked, id=7012, stack(0x0000000007890000,0x0000000007990000)]
  0x0000000007110000 JavaThread "Java2D Disposer" daemon [_thread_blocked, id=6492, stack(0x0000000007790000,0x0000000007890000)]
  0x00000000002c8000 JavaThread "Low Memory Detector" daemon [_thread_blocked, id=9996, stack(0x0000000006e00000,0x0000000006f00000)]
  0x00000000002c3800 JavaThread "CompilerThread1" daemon [_thread_blocked, id=6064, stack(0x0000000006d00000,0x0000000006e00000)]
  0x00000000002bc800 JavaThread "CompilerThread0" daemon [_thread_blocked, id=6212, stack(0x0000000006c00000,0x0000000006d00000)]
  0x00000000002b9800 JavaThread "Attach Listener" daemon [_thread_blocked, id=8676, stack(0x0000000006b00000,0x0000000006c00000)]
  0x00000000002b4000 JavaThread "Signal Dispatcher" daemon [_thread_blocked, id=8736, stack(0x0000000006a00000,0x0000000006b00000)]
  0x000000000601f000 JavaThread "Finalizer" daemon [_thread_blocked, id=11992, stack(0x0000000006900000,0x0000000006a00000)]
  0x0000000006018000 JavaThread "Reference Handler" daemon [_thread_blocked, id=3396, stack(0x0000000006800000,0x0000000006900000)]

Other Threads:
  0x0000000006014000 VMThread [stack: 0x0000000006700000,0x0000000006800000] [id=10904]
  0x00000000002cb800 WatcherThread [stack: 0x0000000006f00000,0x0000000007000000] [id=7344]

VM state:not at safepoint (normal execution)

VM Mutex/Monitor currently owned by a thread: None

Heap
 PSYoungGen      total 37312K, used 22789K [0x00000000d87f0000, 0x00000000db190000, 0x00000001021f0000)
  eden space 32000K, 71% used [0x00000000d87f0000,0x00000000d9e31640,0x00000000da730000)
  from space 5312K, 0% used [0x00000000dac60000,0x00000000dac60000,0x00000000db190000)
  to   space 5312K, 0% used [0x00000000da730000,0x00000000da730000,0x00000000dac60000)
 PSOldGen        total 85248K, used 0K [0x00000000853f0000, 0x000000008a730000, 0x00000000d87f0000)
  object space 85248K, 0% used [0x00000000853f0000,0x00000000853f0000,0x000000008a730000)
 PSPermGen       total 22400K, used 22286K [0x000000007fff0000, 0x00000000815d0000, 0x00000000853f0000)
  object space 22400K, 99% used [0x000000007fff0000,0x00000000815b3940,0x00000000815d0000)

Dynamic libraries:
0x0000000000400000 - 0x000000000042e000 	C:\Program Files\Java\jre6\bin\javaw.exe
0x0000000077790000 - 0x000000007793c000 	C:\Windows\SYSTEM32\ntdll.dll
0x0000000077670000 - 0x000000007778f000 	C:\Windows\system32\kernel32.dll
0x000007fefd840000 - 0x000007fefd8ac000 	C:\Windows\system32\KERNELBASE.dll
0x000007feff630000 - 0x000007feff70b000 	C:\Windows\system32\ADVAPI32.dll
0x000007fefee80000 - 0x000007fefef1f000 	C:\Windows\system32\msvcrt.dll
0x000007fefdc40000 - 0x000007fefdc5f000 	C:\Windows\SYSTEM32\sechost.dll
0x000007fefefa0000 - 0x000007feff0ce000 	C:\Windows\system32\RPCRT4.dll
0x0000000077570000 - 0x000000007766a000 	C:\Windows\system32\USER32.dll
0x000007fefdba0000 - 0x000007fefdc07000 	C:\Windows\system32\GDI32.dll
0x000007fefdc10000 - 0x000007fefdc1e000 	C:\Windows\system32\LPK.dll
0x000007feff0d0000 - 0x000007feff19a000 	C:\Windows\system32\USP10.dll
0x000007fefdc60000 - 0x000007fefdc8e000 	C:\Windows\system32\IMM32.DLL
0x000007fefdf40000 - 0x000007fefe049000 	C:\Windows\system32\MSCTF.dll
0x000000006d7f0000 - 0x000000006dec1000 	C:\Program Files\Java\jre6\bin\server\jvm.dll
0x000007fefb960000 - 0x000007fefb99b000 	C:\Windows\system32\WINMM.dll
0x000000006d760000 - 0x000000006d76e000 	C:\Program Files\Java\jre6\bin\verify.dll
0x000000006d3b0000 - 0x000000006d3d7000 	C:\Program Files\Java\jre6\bin\java.dll
0x000000006d310000 - 0x000000006d31a000 	C:\Program Files\Java\jre6\bin\hpi.dll
0x0000000077960000 - 0x0000000077967000 	C:\Windows\system32\PSAPI.DLL
0x000000006d7b0000 - 0x000000006d7c2000 	C:\Program Files\Java\jre6\bin\zip.dll
0x000000006d000000 - 0x000000006d1c3000 	C:\Program Files\Java\jre6\bin\awt.dll
0x000007fefa180000 - 0x000007fefa1f0000 	C:\Windows\system32\WINSPOOL.DRV
0x000007fefdd30000 - 0x000007fefdf32000 	C:\Windows\system32\ole32.dll
0x000007fefe0f0000 - 0x000007fefee76000 	C:\Windows\system32\SHELL32.dll
0x000007feff8a0000 - 0x000007feff911000 	C:\Windows\system32\SHLWAPI.dll
0x000007fefc2c0000 - 0x000007fefc4b4000 	C:\Windows\WinSxS\amd64_microsoft.windows.common-controls_6595b64144ccf1df_6.0.7600.16661_none_fa62ad231704eab7\COMCTL32.dll
0x000007fefba30000 - 0x000007fefba48000 	C:\Windows\system32\DWMAPI.DLL
0x000007fefbf40000 - 0x000007fefbf96000 	C:\Windows\system32\uxtheme.dll
0x0000000180000000 - 0x00000001800e7000 	C:\Program Files\DigitalPersona\Bin\DpoFeedb.dll
0x000007fefdac0000 - 0x000007fefdb97000 	C:\Windows\system32\OLEAUT32.dll
0x000007fefc7e0000 - 0x000007fefc7ec000 	C:\Windows\system32\VERSION.dll
0x000007fefcb20000 - 0x000007fefcb3e000 	C:\Windows\system32\USERENV.dll
0x000007fefd6f0000 - 0x000007fefd6ff000 	C:\Windows\system32\profapi.dll
0x000007fefd620000 - 0x000007fefd62f000 	C:\Windows\system32\CRYPTBASE.dll
0x000007fef5270000 - 0x000007fef529d000 	C:\Program Files\DigitalPersona\Bin\DpoSet.dll
0x0000000074f80000 - 0x0000000075053000 	C:\Windows\WinSxS\amd64_microsoft.vc90.crt_1fc8b3b9a1e18e3b_9.0.30729.6161_none_08e61857a83bc251\MSVCP90.dll
0x0000000074e00000 - 0x0000000074ea3000 	C:\Windows\WinSxS\amd64_microsoft.vc90.crt_1fc8b3b9a1e18e3b_9.0.30729.6161_none_08e61857a83bc251\MSVCR90.dll
0x000000006d2a0000 - 0x000000006d30b000 	C:\Program Files\Java\jre6\bin\fontmanager.dll
0x000007fee8ce0000 - 0x000007fee8edf000 	C:\Windows\system32\d3d9.dll
0x000007fef2de0000 - 0x000007fef2de7000 	C:\Windows\system32\d3d8thk.dll
0x000007fefaf00000 - 0x000007fefaf0b000 	C:\Windows\system32\atiu9p64.dll
0x000000006f4e0000 - 0x000000006f99a000 	C:\Windows\system32\atiumd64.dll
0x000000006f220000 - 0x000000006f4d9000 	C:\Windows\system32\atiumd6a.dll
0x000000006d600000 - 0x000000006d617000 	C:\Program Files\Java\jre6\bin\net.dll
0x000007feff400000 - 0x000007feff44d000 	C:\Windows\system32\WS2_32.dll
0x000007feff840000 - 0x000007feff848000 	C:\Windows\system32\NSI.dll
0x000007fefcf20000 - 0x000007fefcf74000 	C:\Windows\system32\mswsock.dll
0x000007fefcf10000 - 0x000007fefcf17000 	C:\Windows\System32\wship6.dll
0x000000006d620000 - 0x000000006d62b000 	C:\Program Files\Java\jre6\bin\nio.dll
0x000007fefb3f0000 - 0x000007fefb405000 	C:\Windows\system32\NLAapi.dll
0x000007fefcda0000 - 0x000007fefcdfb000 	C:\Windows\system32\DNSAPI.dll
0x000007fef4010000 - 0x000007fef401b000 	C:\Windows\System32\winrnr.dll
0x000007fef3f60000 - 0x000007fef3f75000 	C:\Windows\system32\napinsp.dll
0x000007fef3f40000 - 0x000007fef3f59000 	C:\Windows\system32\pnrpnsp.dll
0x0000000072f80000 - 0x0000000072fae000 	C:\Program Files\Common Files\Microsoft Shared\Windows Live\WLIDNSP.DLL
0x000007fefc8d0000 - 0x000007fefc8d7000 	C:\Windows\System32\wshtcpip.dll
0x000007fefac20000 - 0x000007fefac47000 	C:\Windows\system32\IPHLPAPI.DLL
0x000007fefac10000 - 0x000007fefac1b000 	C:\Windows\system32\WINNSI.DLL
0x000007fef8530000 - 0x000007fef8538000 	C:\Windows\system32\rasadhlp.dll
0x000007fefaa80000 - 0x000007fefaad3000 	C:\Windows\System32\fwpuclnt.dll
0x000000006d4d0000 - 0x000000006d505000 	C:\Program Files\Java\jre6\bin\jpeg.dll

VM Arguments:
jvm_args: -Dfile.encoding=Cp1252 -Xbootclasspath/p:C:\eclipse\configuration\org.eclipse.osgi\bundles\212\1\.cp\lib\scala-library.jar;C:\eclipse\configuration\org.eclipse.osgi\bundles\212\1\.cp\lib\scala-dbc.jar;C:\eclipse\configuration\org.eclipse.osgi\bundles\212\1\.cp\lib\scala-swing.jar 
java_command: EyesInTheSkyUI.StartCasino
Launcher Type: SUN_STANDARD

Environment Variables:
PATH=C:\Program Files\Common Files\Microsoft Shared\Windows Live;C:\Windows\system32;C:\Windows;C:\Windows\System32\Wbem;C:\Windows\System32\WindowsPowerShell\v1.0\;c:\Program Files (x86)\Common Files\Ulead Systems\MPEG;C:\Program Files (x86)\ATI Technologies\ATI.ACE\Core-Static;C:\Program Files\Intel\WiFi\bin\;C:\Program Files\Common Files\Intel\WirelessCommon\;C:\Program Files (x86)\Common Files\Roxio Shared\DLLShared\;C:\Program Files (x86)\Common Files\Roxio Shared\DLLShared\;C:\Program Files (x86)\Common Files\Roxio Shared\12.0\DLLShared\
USERNAME=sandeep
OS=Windows_NT
PROCESSOR_IDENTIFIER=Intel64 Family 6 Model 37 Stepping 5, GenuineIntel



---------------  S Y S T E M  ---------------

OS: Windows 7 Build 7600 

CPU:total 4 (8 cores per cpu, 2 threads per core) family 6 model 37 stepping 5, cmov, cx8, fxsr, mmx, sse, sse2, sse3, ssse3, sse4.1, sse4.2, popcnt, ht

Memory: 4k page, physical 8181616k(4452968k free), swap 16361332k(10390856k free)

vm_info: Java HotSpot(TM) 64-Bit Server VM (17.0-b17) for windows-amd64 JRE (1.6.0_21-b07), built on Jul 17 2010 01:05:36 by "java_re" with MS VC++ 8.0 (VS2005)

time: Tue Nov 29 16:28:30 2011
elapsed time: 14 seconds

